18:53:35 **** Incremental Build of configuration Debug for project Battleship ****
Info: Internal Builder is used for build
g++ -O0 -g3 -Wall -c -fmessage-length=0 -o "Battleship\\ai.o" "..\\Battleship\\ai.cpp" 
g++ -o Battleship.exe "Battleship\\ai.o" "Battleship\\battleship.o" "Battleship\\randomShip.o" "Battleship\\ui.o" main.o 
18:54:27 **** Incremental Build of configuration Debug for project Battleship ****
Info: Internal Builder is used for build
g++ -O0 -g3 -Wall -c -fmessage-length=0 -o "Battleship\\battleship.o" "..\\Battleship\\battleship.cpp" 
g++ -o Battleship.exe "Battleship\\ai.o" "Battleship\\battleship.o" "Battleship\\randomShip.o" "Battleship\\ui.o" main.o 
18:55:48 **** Incremental Build of configuration Debug for project Battleship ****
Info: Internal Builder is used for build
g++ -O0 -g3 -Wall -c -fmessage-length=0 -o "Battleship\\battleship.o" "..\\Battleship\\battleship.cpp" 
g++ -o Battleship.exe "Battleship\\ai.o" "Battleship\\battleship.o" "Battleship\\randomShip.o" "Battleship\\ui.o" main.o 
19:05:31 **** Incremental Build of configuration Debug for project Battleship ****
Info: Internal Builder is used for build
g++ -O0 -g3 -Wall -c -fmessage-length=0 -o "Battleship\\battleship.o" "..\\Battleship\\battleship.cpp" 
g++ -o Battleship.exe "Battleship\\ai.o" "Battleship\\battleship.o" "Battleship\\randomShip.o" "Battleship\\ui.o" main.o 
19:10:34 **** Incremental Build of configuration Debug for project Battleship ****
Info: Internal Builder is used for build
g++ -O0 -g3 -Wall -c -fmessage-length=0 -o "Battleship\\battleship.o" "..\\Battleship\\battleship.cpp" 
..\Battleship\battleship.cpp:21:13: warning: 'void debugPrintArray(int (*)[10])' declared 'static' but never defined [-Wunused-function]
 static void debugPrintArray(int array[10][10]);
             ^~~~~~~~~~~~~~~
..\Battleship\battleship.cpp:21:13: warning: 'void debugPrintArray(int (*)[10])' used but never defined
..\Battleship\battleship.cpp:117:13: warning: 'void debugState(board)' defined but not used [-Wunused-function]
 static void debugState(board Board){
             ^~~~~~~~~~
g++ -o Battleship.exe "Battleship\\ai.o" "Battleship\\battleship.o" "Battleship\\randomShip.o" "Battleship\\ui.o" main.o 
Battleship\battleship.o: In function `launchBattlehip()':
C:\Users\Maxim Vovenko\Desktop\Battleship Git\Eclipse Workspace\Battleship\Debug/../Battleship/battleship.cpp:47: undefined reference to `debugPrintArray(int (*) [10])'
C:\Users\Maxim Vovenko\Desktop\Battleship Git\Eclipse Workspace\Battleship\Debug/../Battleship/battleship.cpp:49: undefined reference to `debugPrintArray(int (*) [10])'
C:\Users\Maxim Vovenko\Desktop\Battleship Git\Eclipse Workspace\Battleship\Debug/../Battleship/battleship.cpp:88: undefined reference to `debugPrintArray(int (*) [10])'
C:\Users\Maxim Vovenko\Desktop\Battleship Git\Eclipse Workspace\Battleship\Debug/../Battleship/battleship.cpp:90: undefined reference to `debugPrintArray(int (*) [10])'
collect2.exe: error: ld returned 1 exit status
19:11:54 **** Incremental Build of configuration Debug for project Battleship ****
Info: Internal Builder is used for build
g++ -O0 -g3 -Wall -c -fmessage-length=0 -o "Battleship\\battleship.o" "..\\Battleship\\battleship.cpp" 
..\Battleship\battleship.cpp: In function 'void launchBattlehip()':
..\Battleship\battleship.cpp:47:4: error: 'debugPrintArray' was not declared in this scope
    debugPrintArray(player1.shots);
    ^~~~~~~~~~~~~~~
19:11:58 **** Incremental Build of configuration Debug for project Battleship ****
Info: Internal Builder is used for build
g++ -O0 -g3 -Wall -c -fmessage-length=0 -o "Battleship\\battleship.o" "..\\Battleship\\battleship.cpp" 
g++ -o Battleship.exe "Battleship\\ai.o" "Battleship\\battleship.o" "Battleship\\randomShip.o" "Battleship\\ui.o" main.o 
Info: Nothing to build for Battleship
19:13:39 **** Incremental Build of configuration Debug for project Battleship ****
Info: Internal Builder is used for build
g++ -O0 -g3 -Wall -c -fmessage-length=0 -o "Battleship\\battleship.o" "..\\Battleship\\battleship.cpp" 
g++ -o Battleship.exe "Battleship\\ai.o" "Battleship\\battleship.o" "Battleship\\randomShip.o" "Battleship\\ui.o" main.o 
19:16:08 **** Incremental Build of configuration Debug for project Battleship ****
Info: Internal Builder is used for build
g++ -O0 -g3 -Wall -c -fmessage-length=0 -o "Battleship\\battleship.o" "..\\Battleship\\battleship.cpp" 
g++ -o Battleship.exe "Battleship\\ai.o" "Battleship\\battleship.o" "Battleship\\randomShip.o" "Battleship\\ui.o" main.o 
Info: Nothing to build for Battleship
19:19:13 **** Incremental Build of configuration Debug for project Battleship ****
Info: Internal Builder is used for build
g++ -O0 -g3 -Wall -c -fmessage-length=0 -o "Battleship\\ai.o" "..\\Battleship\\ai.cpp" 
g++ -o Battleship.exe "Battleship\\ai.o" "Battleship\\battleship.o" "Battleship\\randomShip.o" "Battleship\\ui.o" main.o 
19:20:47 **** Incremental Build of configuration Debug for project Battleship ****
Info: Internal Builder is used for build
g++ -O0 -g3 -Wall -c -fmessage-length=0 -o "Battleship\\battleship.o" "..\\Battleship\\battleship.cpp" 
g++ -o Battleship.exe "Battleship\\ai.o" "Battleship\\battleship.o" "Battleship\\randomShip.o" "Battleship\\ui.o" main.o 
Info: Nothing to build for Battleship
Info: Nothing to build for Battleship
19:27:41 **** Incremental Build of configuration Debug for project Battleship ****
Info: Internal Builder is used for build
g++ -O0 -g3 -Wall -c -fmessage-length=0 -o "Battleship\\ai.o" "..\\Battleship\\ai.cpp" 
..\Battleship\ai.cpp: In function 'void aiPlayer(board, aiMemory, int*)':
..\Battleship\ai.cpp:50:3: error: 'sleep' was not declared in this scope
   sleep(rand()%1000);
   ^~~~~
..\Battleship\ai.cpp:50:3: note: suggested alternative: '_sleep'
   sleep(rand()%1000);
   ^~~~~
   _sleep
19:28:12 **** Incremental Build of configuration Debug for project Battleship ****
Info: Internal Builder is used for build
g++ -O0 -g3 -Wall -c -fmessage-length=0 -o "Battleship\\ai.o" "..\\Battleship\\ai.cpp" 
..\Battleship\ai.cpp: In function 'void easyAiPlayer(int*)':
..\Battleship\ai.cpp:23:8: error: 'time' was not declared in this scope
  srand(time(NULL));
        ^~~~
..\Battleship\ai.cpp:23:8: note: suggested alternative: 'Pie'
  srand(time(NULL));
        ^~~~
        Pie
..\Battleship\ai.cpp: In function 'void aiPlayer(board, aiMemory, int*)':
..\Battleship\ai.cpp:41:9: error: 'time' was not declared in this scope
   srand(time(NULL));
         ^~~~
..\Battleship\ai.cpp:41:9: note: suggested alternative: 'Pie'
   srand(time(NULL));
         ^~~~
         Pie
..\Battleship\ai.cpp:54:3: error: 'sleep' was not declared in this scope
   sleep(rand()%1000);
   ^~~~~
..\Battleship\ai.cpp:54:3: note: suggested alternative: 'Sleep'
   sleep(rand()%1000);
   ^~~~~
   Sleep
19:28:21 **** Incremental Build of configuration Debug for project Battleship ****
Info: Internal Builder is used for build
g++ -O0 -g3 -Wall -c -fmessage-length=0 -o "Battleship\\ai.o" "..\\Battleship\\ai.cpp" 
..\Battleship\ai.cpp: In function 'void aiPlayer(board, aiMemory, int*)':
..\Battleship\ai.cpp:56:3: error: 'sleep' was not declared in this scope
   sleep(rand()%1000);
   ^~~~~
..\Battleship\ai.cpp:56:3: note: suggested alternative: 'Sleep'
   sleep(rand()%1000);
   ^~~~~
   Sleep
19:28:46 **** Incremental Build of configuration Debug for project Battleship ****
Info: Internal Builder is used for build
g++ -O0 -g3 -Wall -c -fmessage-length=0 -o "Battleship\\ai.o" "..\\Battleship\\ai.cpp" 
g++ -o Battleship.exe "Battleship\\ai.o" "Battleship\\battleship.o" "Battleship\\randomShip.o" "Battleship\\ui.o" main.o 
C:/Program Files/mingw-w64/x86_64-8.1.0-posix-seh-rt_v6-rev0/mingw64/bin/../lib/gcc/x86_64-w64-mingw32/8.1.0/../../../../x86_64-w64-mingw32/bin/ld.exe: cannot open output file Battleship.exe: Permission denied
collect2.exe: error: ld returned 1 exit status
19:28:51 **** Incremental Build of configuration Debug for project Battleship ****
Info: Internal Builder is used for build
g++ -o Battleship.exe "Battleship\\ai.o" "Battleship\\battleship.o" "Battleship\\randomShip.o" "Battleship\\ui.o" main.o 
Info: Nothing to build for Battleship
Info: Nothing to build for Battleship
19:36:06 **** Incremental Build of configuration Debug for project Battleship ****
Info: Internal Builder is used for build
g++ -O0 -g3 -Wall -c -fmessage-length=0 -o "Battleship\\ai.o" "..\\Battleship\\ai.cpp" 
g++ -O0 -g3 -Wall -c -fmessage-length=0 -o "Battleship\\battleship.o" "..\\Battleship\\battleship.cpp" 
..\Battleship\battleship.cpp: In function 'void launchBattlehip()':
..\Battleship\battleship.cpp:47:22: error: too few arguments to function 'void debugState(board, aiMemory)'
    debugState(player1);
                      ^
..\Battleship\battleship.cpp:21:13: note: declared here
 static void debugState(board Board, aiMemory ai);
             ^~~~~~~~~~
..\Battleship\battleship.cpp:75:22: error: too few arguments to function 'void debugState(board, aiMemory)'
    debugState(player2);
                      ^
..\Battleship\battleship.cpp:21:13: note: declared here
 static void debugState(board Board, aiMemory ai);
             ^~~~~~~~~~
19:36:45 **** Incremental Build of configuration Debug for project Battleship ****
Info: Internal Builder is used for build
g++ -O0 -g3 -Wall -c -fmessage-length=0 -o "Battleship\\battleship.o" "..\\Battleship\\battleship.cpp" 
g++ -o Battleship.exe "Battleship\\ai.o" "Battleship\\battleship.o" "Battleship\\randomShip.o" "Battleship\\ui.o" main.o 
19:37:16 **** Incremental Build of configuration Debug for project Battleship ****
Info: Internal Builder is used for build
g++ -O0 -g3 -Wall -c -fmessage-length=0 -o "Battleship\\battleship.o" "..\\Battleship\\battleship.cpp" 
g++ -o Battleship.exe "Battleship\\ai.o" "Battleship\\battleship.o" "Battleship\\randomShip.o" "Battleship\\ui.o" main.o 
C:/Program Files/mingw-w64/x86_64-8.1.0-posix-seh-rt_v6-rev0/mingw64/bin/../lib/gcc/x86_64-w64-mingw32/8.1.0/../../../../x86_64-w64-mingw32/bin/ld.exe: cannot open output file Battleship.exe: Permission denied
collect2.exe: error: ld returned 1 exit status
19:37:21 **** Incremental Build of configuration Debug for project Battleship ****
Info: Internal Builder is used for build
g++ -o Battleship.exe "Battleship\\ai.o" "Battleship\\battleship.o" "Battleship\\randomShip.o" "Battleship\\ui.o" main.o 
19:39:40 **** Incremental Build of configuration Debug for project Battleship ****
Info: Internal Builder is used for build
g++ -O0 -g3 -Wall -c -fmessage-length=0 -o "Battleship\\battleship.o" "..\\Battleship\\battleship.cpp" 
g++ -o Battleship.exe "Battleship\\ai.o" "Battleship\\battleship.o" "Battleship\\randomShip.o" "Battleship\\ui.o" main.o 
C:/Program Files/mingw-w64/x86_64-8.1.0-posix-seh-rt_v6-rev0/mingw64/bin/../lib/gcc/x86_64-w64-mingw32/8.1.0/../../../../x86_64-w64-mingw32/bin/ld.exe: cannot open output file Battleship.exe: Permission denied
collect2.exe: error: ld returned 1 exit status
19:39:46 **** Incremental Build of configuration Debug for project Battleship ****
Info: Internal Builder is used for build
g++ -o Battleship.exe "Battleship\\ai.o" "Battleship\\battleship.o" "Battleship\\randomShip.o" "Battleship\\ui.o" main.o 
Info: Nothing to build for Battleship
19:45:10 **** Incremental Build of configuration Debug for project Battleship ****
Info: Internal Builder is used for build
g++ -O0 -g3 -Wall -c -fmessage-length=0 -o "Battleship\\ai.o" "..\\Battleship\\ai.cpp" 
..\Battleship\ai.cpp: In function 'void aiPlayer(board, aiMemory*, int*)':
..\Battleship\ai.cpp:38:36: error: request for member 'secondShot' in 'memory', which is of pointer type 'aiMemory*' {aka 'gameShotHistory*'} (maybe you meant to use '->' ?)
  if(Board.ShotHit==false && memory.secondShot[0]<0){
                                    ^~~~~~~~~~
..\Battleship\ai.cpp:42:13: error: request for member 'firstShot' in 'memory', which is of pointer type 'aiMemory*' {aka 'gameShotHistory*'} (maybe you meant to use '->' ?)
  if(*memory.firstShot[0]<0){
             ^~~~~~~~~
..\Battleship\ai.cpp:54:11: error: request for member 'firstShot' in 'memory', which is of pointer type 'aiMemory*' {aka 'gameShotHistory*'} (maybe you meant to use '->' ?)
   *memory.firstShot[0]=shot[0];
           ^~~~~~~~~
..\Battleship\ai.cpp:55:11: error: request for member 'firstShot' in 'memory', which is of pointer type 'aiMemory*' {aka 'gameShotHistory*'} (maybe you meant to use '->' ?)
   *memory.firstShot[1]=shot[1];
           ^~~~~~~~~
..\Battleship\ai.cpp:61:30: error: request for member 'searchInProgress' in 'memory', which is of pointer type 'aiMemory*' {aka 'gameShotHistory*'} (maybe you meant to use '->' ?)
  if(Board.ShotHit && *memory.searchInProgress==0){
                              ^~~~~~~~~~~~~~~~
..\Battleship\ai.cpp:62:11: error: request for member 'searchState' in 'memory', which is of pointer type 'aiMemory*' {aka 'gameShotHistory*'} (maybe you meant to use '->' ?)
   *memory.searchState=1;
           ^~~~~~~~~~~
..\Battleship\ai.cpp:63:11: error: request for member 'searchInProgress' in 'memory', which is of pointer type 'aiMemory*' {aka 'gameShotHistory*'} (maybe you meant to use '->' ?)
   *memory.searchInProgress=1;
           ^~~~~~~~~~~~~~~~
..\Battleship\ai.cpp:64:11: error: request for member 'secondShot' in 'memory', which is of pointer type 'aiMemory*' {aka 'gameShotHistory*'} (maybe you meant to use '->' ?)
   *memory.secondShot[0]=*memory.firstShot[0];
           ^~~~~~~~~~
..\Battleship\ai.cpp:64:33: error: request for member 'firstShot' in 'memory', which is of pointer type 'aiMemory*' {aka 'gameShotHistory*'} (maybe you meant to use '->' ?)
   *memory.secondShot[0]=*memory.firstShot[0];
                                 ^~~~~~~~~
..\Battleship\ai.cpp:65:11: error: request for member 'secondShot' in 'memory', which is of pointer type 'aiMemory*' {aka 'gameShotHistory*'} (maybe you meant to use '->' ?)
   *memory.secondShot[1]=*memory.firstShot[1];
           ^~~~~~~~~~
..\Battleship\ai.cpp:65:33: error: request for member 'firstShot' in 'memory', which is of pointer type 'aiMemory*' {aka 'gameShotHistory*'} (maybe you meant to use '->' ?)
   *memory.secondShot[1]=*memory.firstShot[1];
                                 ^~~~~~~~~
..\Battleship\ai.cpp:66:19: error: request for member 'firstShot' in 'memory', which is of pointer type 'aiMemory*' {aka 'gameShotHistory*'} (maybe you meant to use '->' ?)
   shot[0]=*memory.firstShot[0]-1;
                   ^~~~~~~~~
..\Battleship\ai.cpp:67:19: error: request for member 'firstShot' in 'memory', which is of pointer type 'aiMemory*' {aka 'gameShotHistory*'} (maybe you meant to use '->' ?)
   shot[1]=*memory.firstShot[1];
                   ^~~~~~~~~
..\Battleship\ai.cpp:69:12: error: request for member 'searchState' in 'memory', which is of pointer type 'aiMemory*' {aka 'gameShotHistory*'} (maybe you meant to use '->' ?)
    *memory.searchState=2;
            ^~~~~~~~~~~
..\Battleship\ai.cpp:70:20: error: request for member 'firstShot' in 'memory', which is of pointer type 'aiMemory*' {aka 'gameShotHistory*'} (maybe you meant to use '->' ?)
    shot[0]=*memory.firstShot[0]+1;
                    ^~~~~~~~~
..\Battleship\ai.cpp:71:20: error: request for member 'firstShot' in 'memory', which is of pointer type 'aiMemory*' {aka 'gameShotHistory*'} (maybe you meant to use '->' ?)
    shot[1]=*memory.firstShot[1];
                    ^~~~~~~~~
..\Battleship\ai.cpp:73:11: error: request for member 'firstShot' in 'memory', which is of pointer type 'aiMemory*' {aka 'gameShotHistory*'} (maybe you meant to use '->' ?)
   *memory.firstShot[0]=shot[0];
           ^~~~~~~~~
..\Battleship\ai.cpp:74:11: error: request for member 'firstShot' in 'memory', which is of pointer type 'aiMemory*' {aka 'gameShotHistory*'} (maybe you meant to use '->' ?)
   *memory.firstShot[1]=shot[1];
           ^~~~~~~~~
..\Battleship\ai.cpp:78:30: error: request for member 'searchInProgress' in 'memory', which is of pointer type 'aiMemory*' {aka 'gameShotHistory*'} (maybe you meant to use '->' ?)
  if(Board.ShotHit && *memory.searchInProgress==1){
                              ^~~~~~~~~~~~~~~~
..\Battleship\ai.cpp:80:11: error: request for member 'searchState' in 'memory', which is of pointer type 'aiMemory*' {aka 'gameShotHistory*'} (maybe you meant to use '->' ?)
   *memory.searchState=2;
           ^~~~~~~~~~~
..\Battleship\ai.cpp:81:37: error: request for member 'searchInProgress' in 'memory', which is of pointer type 'aiMemory*' {aka 'gameShotHistory*'} (maybe you meant to use '->' ?)
  }else if(!Board.ShotHit && *memory.searchInProgress==1){
                                     ^~~~~~~~~~~~~~~~
..\Battleship\ai.cpp:82:11: error: request for member 'searchState' in 'memory', which is of pointer type 'aiMemory*' {aka 'gameShotHistory*'} (maybe you meant to use '->' ?)
   *memory.searchState++;
           ^~~~~~~~~~~
..\Battleship\ai.cpp:84:19: error: request for member 'searchState' in 'memory', which is of pointer type 'aiMemory*' {aka 'gameShotHistory*'} (maybe you meant to use '->' ?)
    switch(*memory.searchState){
                   ^~~~~~~~~~~
..\Battleship\ai.cpp:86:21: error: request for member 'secondShot' in 'memory', which is of pointer type 'aiMemory*' {aka 'gameShotHistory*'} (maybe you meant to use '->' ?)
     shot[0]=*memory.secondShot[0]-1;
                     ^~~~~~~~~~
..\Battleship\ai.cpp:87:21: error: request for member 'secondShot' in 'memory', which is of pointer type 'aiMemory*' {aka 'gameShotHistory*'} (maybe you meant to use '->' ?)
     shot[1]=*memory.secondShot[1];
                     ^~~~~~~~~~
..\Battleship\ai.cpp:90:21: error: request for member 'secondShot' in 'memory', which is of pointer type 'aiMemory*' {aka 'gameShotHistory*'} (maybe you meant to use '->' ?)
     shot[0]=*memory.secondShot[0]+1;
                     ^~~~~~~~~~
..\Battleship\ai.cpp:91:21: error: request for member 'secondShot' in 'memory', which is of pointer type 'aiMemory*' {aka 'gameShotHistory*'} (maybe you meant to use '->' ?)
     shot[1]=*memory.secondShot[1];
                     ^~~~~~~~~~
..\Battleship\ai.cpp:94:21: error: request for member 'secondShot' in 'memory', which is of pointer type 'aiMemory*' {aka 'gameShotHistory*'} (maybe you meant to use '->' ?)
     shot[0]=*memory.secondShot[0];
                     ^~~~~~~~~~
..\Battleship\ai.cpp:95:21: error: request for member 'secondShot' in 'memory', which is of pointer type 'aiMemory*' {aka 'gameShotHistory*'} (maybe you meant to use '->' ?)
     shot[1]=*memory.secondShot[1]-1;
                     ^~~~~~~~~~
..\Battleship\ai.cpp:98:21: error: request for member 'secondShot' in 'memory', which is of pointer type 'aiMemory*' {aka 'gameShotHistory*'} (maybe you meant to use '->' ?)
     shot[0]=*memory.secondShot[0];
                     ^~~~~~~~~~
..\Battleship\ai.cpp:99:21: error: request for member 'secondShot' in 'memory', which is of pointer type 'aiMemory*' {aka 'gameShotHistory*'} (maybe you meant to use '->' ?)
     shot[1]=*memory.secondShot[1]+1;
                     ^~~~~~~~~~
..\Battleship\ai.cpp:103:11: error: request for member 'firstShot' in 'memory', which is of pointer type 'aiMemory*' {aka 'gameShotHistory*'} (maybe you meant to use '->' ?)
   *memory.firstShot[0]=shot[0];
           ^~~~~~~~~
..\Battleship\ai.cpp:104:11: error: request for member 'firstShot' in 'memory', which is of pointer type 'aiMemory*' {aka 'gameShotHistory*'} (maybe you meant to use '->' ?)
   *memory.firstShot[1]=shot[1];
           ^~~~~~~~~
19:46:11 **** Incremental Build of configuration Debug for project Battleship ****
Info: Internal Builder is used for build
g++ -O0 -g3 -Wall -c -fmessage-length=0 -o "Battleship\\battleship.o" "..\\Battleship\\battleship.cpp" 
..\Battleship\battleship.cpp: In function 'void launchBattlehip()':
..\Battleship\battleship.cpp:59:22: error: cannot convert 'aiMemory' {aka 'gameShotHistory'} to 'aiMemory*' {aka 'gameShotHistory*'}
    aiPlayer(player1, ai1, shot);
                      ^~~
In file included from ..\Battleship\battleship.cpp:17:
..\Battleship\ai.h:13:38: note:   initializing argument 2 of 'void aiPlayer(board, aiMemory*, int*)'
 void aiPlayer(board Board, aiMemory *memory, int shot[2]);
                            ~~~~~~~~~~^~~~~~
..\Battleship\battleship.cpp:80:21: error: cannot convert 'aiMemory' {aka 'gameShotHistory'} to 'aiMemory*' {aka 'gameShotHistory*'}
   aiPlayer(player2, ai2, shot);
                     ^~~
In file included from ..\Battleship\battleship.cpp:17:
..\Battleship\ai.h:13:38: note:   initializing argument 2 of 'void aiPlayer(board, aiMemory*, int*)'
 void aiPlayer(board Board, aiMemory *memory, int shot[2]);
                            ~~~~~~~~~~^~~~~~
19:46:47 **** Incremental Build of configuration Debug for project Battleship ****
Info: Internal Builder is used for build
g++ -O0 -g3 -Wall -c -fmessage-length=0 -o "Battleship\\battleship.o" "..\\Battleship\\battleship.cpp" 
..\Battleship\battleship.cpp: In function 'void launchBattlehip()':
..\Battleship\battleship.cpp:59:22: error: cannot convert 'aiMemory' {aka 'gameShotHistory'} to 'aiMemory*' {aka 'gameShotHistory*'}
    aiPlayer(player1, ai1, shot);
                      ^~~
In file included from ..\Battleship\battleship.cpp:17:
..\Battleship\ai.h:13:38: note:   initializing argument 2 of 'void aiPlayer(board, aiMemory*, int*)'
 void aiPlayer(board Board, aiMemory *memory, int shot[2]);
                            ~~~~~~~~~~^~~~~~
..\Battleship\battleship.cpp:80:21: error: cannot convert 'aiMemory' {aka 'gameShotHistory'} to 'aiMemory*' {aka 'gameShotHistory*'}
   aiPlayer(player2, ai2, shot);
                     ^~~
In file included from ..\Battleship\battleship.cpp:17:
..\Battleship\ai.h:13:38: note:   initializing argument 2 of 'void aiPlayer(board, aiMemory*, int*)'
 void aiPlayer(board Board, aiMemory *memory, int shot[2]);
                            ~~~~~~~~~~^~~~~~
19:46:51 **** Incremental Build of configuration Debug for project Battleship ****
Info: Internal Builder is used for build
g++ -O0 -g3 -Wall -c -fmessage-length=0 -o "Battleship\\ai.o" "..\\Battleship\\ai.cpp" 
g++ -O0 -g3 -Wall -c -fmessage-length=0 -o "Battleship\\battleship.o" "..\\Battleship\\battleship.cpp" 
..\Battleship\battleship.cpp: In function 'void launchBattlehip()':
..\Battleship\battleship.cpp:59:22: error: cannot convert 'aiMemory' {aka 'gameShotHistory'} to 'aiMemory*' {aka 'gameShotHistory*'}
    aiPlayer(player1, ai1, shot);
                      ^~~
In file included from ..\Battleship\battleship.cpp:17:
..\Battleship\ai.h:13:38: note:   initializing argument 2 of 'void aiPlayer(board, aiMemory*, int*)'
 void aiPlayer(board Board, aiMemory *memory, int shot[2]);
                            ~~~~~~~~~~^~~~~~
..\Battleship\battleship.cpp:80:21: error: cannot convert 'aiMemory' {aka 'gameShotHistory'} to 'aiMemory*' {aka 'gameShotHistory*'}
   aiPlayer(player2, ai2, shot);
                     ^~~
In file included from ..\Battleship\battleship.cpp:17:
..\Battleship\ai.h:13:38: note:   initializing argument 2 of 'void aiPlayer(board, aiMemory*, int*)'
 void aiPlayer(board Board, aiMemory *memory, int shot[2]);
                            ~~~~~~~~~~^~~~~~
19:47:08 **** Incremental Build of configuration Debug for project Battleship ****
Info: Internal Builder is used for build
g++ -O0 -g3 -Wall -c -fmessage-length=0 -o "Battleship\\battleship.o" "..\\Battleship\\battleship.cpp" 
g++ -o Battleship.exe "Battleship\\ai.o" "Battleship\\battleship.o" "Battleship\\randomShip.o" "Battleship\\ui.o" main.o 
19:48:06 **** Incremental Build of configuration Debug for project Battleship ****
Info: Internal Builder is used for build
g++ -O0 -g3 -Wall -c -fmessage-length=0 -o "Battleship\\ai.o" "..\\Battleship\\ai.cpp" 
g++ -O0 -g3 -Wall -c -fmessage-length=0 -o "Battleship\\battleship.o" "..\\Battleship\\battleship.cpp" 
g++ -o Battleship.exe "Battleship\\ai.o" "Battleship\\battleship.o" "Battleship\\randomShip.o" "Battleship\\ui.o" main.o 
C:/Program Files/mingw-w64/x86_64-8.1.0-posix-seh-rt_v6-rev0/mingw64/bin/../lib/gcc/x86_64-w64-mingw32/8.1.0/../../../../x86_64-w64-mingw32/bin/ld.exe: cannot open output file Battleship.exe: Permission denied
collect2.exe: error: ld returned 1 exit status
19:48:12 **** Incremental Build of configuration Debug for project Battleship ****
Info: Internal Builder is used for build
g++ -o Battleship.exe "Battleship\\ai.o" "Battleship\\battleship.o" "Battleship\\randomShip.o" "Battleship\\ui.o" main.o 
19:50:49 **** Incremental Build of configuration Debug for project Battleship ****
Info: Internal Builder is used for build
g++ -O0 -g3 -Wall -c -fmessage-length=0 -o "Battleship\\battleship.o" "..\\Battleship\\battleship.cpp" 
..\Battleship\battleship.cpp:101:13: warning: 'bool isValidRC(int, int)' defined but not used [-Wunused-function]
 static bool isValidRC(int r,int c){
             ^~~~~~~~~
g++ -o Battleship.exe "Battleship\\ai.o" "Battleship\\battleship.o" "Battleship\\randomShip.o" "Battleship\\ui.o" main.o 
19:56:09 **** Incremental Build of configuration Debug for project Battleship ****
Info: Internal Builder is used for build
g++ -O0 -g3 -Wall -c -fmessage-length=0 -o "Battleship\\ai.o" "..\\Battleship\\ai.cpp" 
g++ -O0 -g3 -Wall -c -fmessage-length=0 -o "Battleship\\battleship.o" "..\\Battleship\\battleship.cpp" 
..\Battleship\battleship.cpp:101:13: warning: 'bool isValidRC(int, int)' defined but not used [-Wunused-function]
 static bool isValidRC(int r,int c){
             ^~~~~~~~~
g++ -o Battleship.exe "Battleship\\ai.o" "Battleship\\battleship.o" "Battleship\\randomShip.o" "Battleship\\ui.o" main.o 
C:/Program Files/mingw-w64/x86_64-8.1.0-posix-seh-rt_v6-rev0/mingw64/bin/../lib/gcc/x86_64-w64-mingw32/8.1.0/../../../../x86_64-w64-mingw32/bin/ld.exe: cannot open output file Battleship.exe: Permission denied
collect2.exe: error: ld returned 1 exit status
19:56:15 **** Incremental Build of configuration Debug for project Battleship ****
Info: Internal Builder is used for build
g++ -o Battleship.exe "Battleship\\ai.o" "Battleship\\battleship.o" "Battleship\\randomShip.o" "Battleship\\ui.o" main.o 
